<?xml version="1.0" encoding="UTF-8"?>
<!-- Generated by org.testng.reporters.JUnitXMLReporter -->
<testsuite hostname="C02TN01GHP4D" ignored="0" name="Default test" tests="6" failures="0" timestamp="06 Jan 2021 04:25:22 GMT" time="4.788" errors="0">
  <testcase name="bonus" time="1.732" classname="org.sae.api.SAE.RestfulAPITesting"/>
  <testcase name="verifyId" time="0.746" classname="org.sae.api.SAE.RestfulAPITesting"/>
  <testcase name="verifyPostRequest" time="0.502" classname="org.sae.api.SAE.RestfulAPITesting"/>
  <testcase name="verifyStatusCode1" time="0.647" classname="org.sae.api.SAE.RestfulAPITesting"/>
  <testcase name="verifyStatusCode2" time="0.425" classname="org.sae.api.SAE.RestfulAPITesting"/>
  <testcase name="verifyStatusCode204ForDeleteRequest" time="0.401" classname="org.sae.api.SAE.RestfulAPITesting"/>
</testsuite> <!-- Default test -->
