<?xml version="1.0" encoding="UTF-8"?>
<testng-results skipped="0" failed="0" ignored="0" total="6" passed="6">
  <reporter-output>
  </reporter-output>
  <suite name="Default suite" duration-ms="4788" started-at="2021-01-06T04:25:17Z" finished-at="2021-01-06T04:25:22Z">
    <groups>
    </groups>
    <test name="Default test" duration-ms="4788" started-at="2021-01-06T04:25:17Z" finished-at="2021-01-06T04:25:22Z">
      <class name="org.sae.api.SAE.RestfulAPITesting">
        <test-method status="PASS" signature="setUp()[pri:0, instance:org.sae.api.SAE.RestfulAPITesting@cb5822]" name="setUp" is-config="true" duration-ms="314" started-at="2021-01-06T04:25:17Z" finished-at="2021-01-06T04:25:18Z">
          <reporter-output>
          </reporter-output>
        </test-method> <!-- setUp -->
        <test-method status="PASS" signature="bonus()[pri:0, instance:org.sae.api.SAE.RestfulAPITesting@cb5822]" name="bonus" duration-ms="1732" started-at="2021-01-06T04:25:18Z" finished-at="2021-01-06T04:25:20Z">
          <reporter-output>
          </reporter-output>
        </test-method> <!-- bonus -->
        <test-method status="PASS" signature="verifyId()[pri:0, instance:org.sae.api.SAE.RestfulAPITesting@cb5822]" name="verifyId" duration-ms="746" started-at="2021-01-06T04:25:20Z" finished-at="2021-01-06T04:25:20Z">
          <reporter-output>
          </reporter-output>
        </test-method> <!-- verifyId -->
        <test-method status="PASS" signature="verifyPostRequest()[pri:0, instance:org.sae.api.SAE.RestfulAPITesting@cb5822]" name="verifyPostRequest" duration-ms="502" started-at="2021-01-06T04:25:20Z" finished-at="2021-01-06T04:25:21Z">
          <reporter-output>
          </reporter-output>
        </test-method> <!-- verifyPostRequest -->
        <test-method status="PASS" signature="verifyStatusCode1()[pri:0, instance:org.sae.api.SAE.RestfulAPITesting@cb5822]" name="verifyStatusCode1" duration-ms="647" started-at="2021-01-06T04:25:21Z" finished-at="2021-01-06T04:25:21Z">
          <reporter-output>
          </reporter-output>
        </test-method> <!-- verifyStatusCode1 -->
        <test-method status="PASS" signature="verifyStatusCode2()[pri:0, instance:org.sae.api.SAE.RestfulAPITesting@cb5822]" name="verifyStatusCode2" duration-ms="425" started-at="2021-01-06T04:25:21Z" finished-at="2021-01-06T04:25:22Z">
          <reporter-output>
          </reporter-output>
        </test-method> <!-- verifyStatusCode2 -->
        <test-method status="PASS" signature="verifyStatusCode204ForDeleteRequest()[pri:0, instance:org.sae.api.SAE.RestfulAPITesting@cb5822]" name="verifyStatusCode204ForDeleteRequest" duration-ms="401" started-at="2021-01-06T04:25:22Z" finished-at="2021-01-06T04:25:22Z">
          <reporter-output>
          </reporter-output>
        </test-method> <!-- verifyStatusCode204ForDeleteRequest -->
      </class> <!-- org.sae.api.SAE.RestfulAPITesting -->
    </test> <!-- Default test -->
  </suite> <!-- Default suite -->
</testng-results>
